<component name="libraryTable">
  <library name="junit-4.4">
    <CLASSES>
      <root url="jar://$USER_HOME$/Desktop/UNI/kwartiel 8/compiler construction/block1/junit-4.4.jar!/" />
    </CLASSES>
    <JAVADOC />
    <SOURCES />
  </library>
</component>